<?xml version="1.0" encoding="UTF-8"?>
<testsuite name="com.jojoldu.book.springboot.web.IndexControllerTest" tests="1" skipped="0" failures="0" errors="0" timestamp="2021-03-30T13:03:31" hostname="zepetto-MacBookPro.local" time="0.307">
  <properties/>
  <testcase name="메인페이지_로딩" classname="com.jojoldu.book.springboot.web.IndexControllerTest" time="0.307"/>
  <system-out><![CDATA[2021-03-30 22:03:25.115  INFO 1430 --- [    Test worker] .b.t.c.SpringBootTestContextBootstrapper : Neither @ContextConfiguration nor @ContextHierarchy found for test class [com.jojoldu.book.springboot.web.IndexControllerTest], using SpringBootContextLoader
2021-03-30 22:03:25.117  INFO 1430 --- [    Test worker] o.s.t.c.support.AbstractContextLoader    : Could not detect default resource locations for test class [com.jojoldu.book.springboot.web.IndexControllerTest]: no resource found for suffixes {-context.xml, Context.groovy}.
2021-03-30 22:03:25.117  INFO 1430 --- [    Test worker] t.c.s.AnnotationConfigContextLoaderUtils : Could not detect default configuration classes for test class [com.jojoldu.book.springboot.web.IndexControllerTest]: IndexControllerTest does not declare any static, non-private, non-final, nested classes annotated with @Configuration.
2021-03-30 22:03:25.122  INFO 1430 --- [    Test worker] .b.t.c.SpringBootTestContextBootstrapper : Found @SpringBootConfiguration com.jojoldu.book.springboot.Application for test class com.jojoldu.book.springboot.web.IndexControllerTest
2021-03-30 22:03:25.124  INFO 1430 --- [    Test worker] .b.t.c.SpringBootTestContextBootstrapper : Loaded default TestExecutionListener class names from location [META-INF/spring.factories]: [org.springframework.security.test.context.support.WithSecurityContextTestExecutionListener, org.springframework.security.test.context.support.ReactorContextTestExecutionListener, org.springframework.boot.test.autoconfigure.restdocs.RestDocsTestExecutionListener, org.springframework.boot.test.autoconfigure.web.client.MockRestServiceServerResetTestExecutionListener, org.springframework.boot.test.autoconfigure.web.servlet.MockMvcPrintOnlyOnFailureTestExecutionListener, org.springframework.boot.test.autoconfigure.web.servlet.WebDriverTestExecutionListener, org.springframework.boot.test.mock.mockito.MockitoTestExecutionListener, org.springframework.boot.test.mock.mockito.ResetMocksTestExecutionListener, org.springframework.test.context.web.ServletTestExecutionListener, org.springframework.test.context.support.DirtiesContextBeforeModesTestExecutionListener, org.springframework.test.context.support.DependencyInjectionTestExecutionListener, org.springframework.test.context.support.DirtiesContextTestExecutionListener, org.springframework.test.context.transaction.TransactionalTestExecutionListener, org.springframework.test.context.jdbc.SqlScriptsTestExecutionListener]
2021-03-30 22:03:25.124  INFO 1430 --- [    Test worker] .b.t.c.SpringBootTestContextBootstrapper : Using TestExecutionListeners: [org.springframework.test.context.web.ServletTestExecutionListener@4866b44d, org.springframework.test.context.support.DirtiesContextBeforeModesTestExecutionListener@163eb6ef, org.springframework.boot.test.mock.mockito.MockitoTestExecutionListener@16fc1095, org.springframework.boot.test.autoconfigure.SpringBootDependencyInjectionTestExecutionListener@7be5eabf, org.springframework.test.context.support.DirtiesContextTestExecutionListener@6dced52, org.springframework.test.context.transaction.TransactionalTestExecutionListener@6536aaa8, org.springframework.test.context.jdbc.SqlScriptsTestExecutionListener@13386623, org.springframework.security.test.context.support.WithSecurityContextTestExecutionListener@475cc6e9, org.springframework.security.test.context.support.ReactorContextTestExecutionListener@260b152d, org.springframework.boot.test.autoconfigure.restdocs.RestDocsTestExecutionListener@76b898ae, org.springframework.boot.test.autoconfigure.web.client.MockRestServiceServerResetTestExecutionListener@2661f124, org.springframework.boot.test.autoconfigure.web.servlet.MockMvcPrintOnlyOnFailureTestExecutionListener@72b108f, org.springframework.boot.test.autoconfigure.web.servlet.WebDriverTestExecutionListener@79f7cf3a, org.springframework.boot.test.mock.mockito.ResetMocksTestExecutionListener@4bb85542]

  .   ____          _            __ _ _
 /\\ / ___'_ __ _ _(_)_ __  __ _ \ \ \ \
( ( )\___ | '_ | '_| | '_ \/ _` | \ \ \ \
 \\/  ___)| |_)| | | | | || (_| |  ) ) ) )
  '  |____| .__|_| |_|_| |_\__, | / / / /
 =========|_|==============|___/=/_/_/_/
 :: Spring Boot ::        (v2.1.9.RELEASE)

2021-03-30 22:03:25.164  INFO 1430 --- [    Test worker] c.j.b.s.web.IndexControllerTest          : Starting IndexControllerTest on zepetto-MacBookPro.local with PID 1430 (started by zepetto in /Users/zepetto/git/study/스프링 부트와 AWS로 혼자 구현하는 웹서비스)
2021-03-30 22:03:25.164  INFO 1430 --- [    Test worker] c.j.b.s.web.IndexControllerTest          : No active profile set, falling back to default profiles: default
2021-03-30 22:03:25.623  INFO 1430 --- [    Test worker] .s.d.r.c.RepositoryConfigurationDelegate : Bootstrapping Spring Data repositories in DEFAULT mode.
2021-03-30 22:03:25.720  INFO 1430 --- [    Test worker] .s.d.r.c.RepositoryConfigurationDelegate : Finished Spring Data repository scanning in 84ms. Found 2 repository interfaces.
2021-03-30 22:03:26.143  INFO 1430 --- [    Test worker] trationDelegate$BeanPostProcessorChecker : Bean 'org.springframework.transaction.annotation.ProxyTransactionManagementConfiguration' of type [org.springframework.transaction.annotation.ProxyTransactionManagementConfiguration$$EnhancerBySpringCGLIB$$6c0fd493] is not eligible for getting processed by all BeanPostProcessors (for example: not eligible for auto-proxying)
2021-03-30 22:03:26.512  INFO 1430 --- [    Test worker] o.s.b.w.embedded.tomcat.TomcatWebServer  : Tomcat initialized with port(s): 0 (http)
2021-03-30 22:03:26.547  INFO 1430 --- [    Test worker] o.apache.catalina.core.StandardService   : Starting service [Tomcat]
2021-03-30 22:03:26.547  INFO 1430 --- [    Test worker] org.apache.catalina.core.StandardEngine  : Starting Servlet engine: [Apache Tomcat/9.0.26]
2021-03-30 22:03:26.672  INFO 1430 --- [    Test worker] o.a.c.c.C.[Tomcat].[localhost].[/]       : Initializing Spring embedded WebApplicationContext
2021-03-30 22:03:26.673  INFO 1430 --- [    Test worker] o.s.web.context.ContextLoader            : Root WebApplicationContext: initialization completed in 1506 ms
2021-03-30 22:03:26.958  INFO 1430 --- [    Test worker] com.zaxxer.hikari.HikariDataSource       : HikariPool-1 - Starting...
2021-03-30 22:03:27.207  INFO 1430 --- [    Test worker] com.zaxxer.hikari.HikariDataSource       : HikariPool-1 - Start completed.
2021-03-30 22:03:27.360  INFO 1430 --- [    Test worker] o.hibernate.jpa.internal.util.LogHelper  : HHH000204: Processing PersistenceUnitInfo [
	name: default
	...]
2021-03-30 22:03:27.536  INFO 1430 --- [    Test worker] org.hibernate.Version                    : HHH000412: Hibernate Core {5.3.12.Final}
2021-03-30 22:03:27.543  INFO 1430 --- [    Test worker] org.hibernate.cfg.Environment            : HHH000206: hibernate.properties not found
2021-03-30 22:03:27.639  INFO 1430 --- [    Test worker] o.hibernate.annotations.common.Version   : HCANN000001: Hibernate Commons Annotations {5.0.4.Final}
2021-03-30 22:03:27.869  INFO 1430 --- [    Test worker] org.hibernate.dialect.Dialect            : HHH000400: Using dialect: org.hibernate.dialect.MySQL5InnoDBDialect
Hibernate: drop table if exists posts
Hibernate: drop table if exists user
Hibernate: create table posts (id bigint not null auto_increment, created_date datetime, modified_date datetime, author varchar(255), content TEXT not null, title varchar(500) not null, primary key (id)) engine=InnoDB
Hibernate: create table user (id bigint not null auto_increment, email varchar(255) not null, name varchar(255) not null, picture varchar(255), role varchar(255) not null, primary key (id)) engine=InnoDB
2021-03-30 22:03:28.933  INFO 1430 --- [    Test worker] o.h.t.schema.internal.SchemaCreatorImpl  : HHH000476: Executing import script 'org.hibernate.tool.schema.internal.exec.ScriptSourceInputNonExistentImpl@20137d48'
2021-03-30 22:03:28.939  INFO 1430 --- [    Test worker] j.LocalContainerEntityManagerFactoryBean : Initialized JPA EntityManagerFactory for persistence unit 'default'
2021-03-30 22:03:30.209  INFO 1430 --- [    Test worker] o.h.h.i.QueryTranslatorFactoryInitiator  : HHH000397: Using ASTQueryTranslatorFactory
2021-03-30 22:03:30.709  INFO 1430 --- [    Test worker] o.s.s.web.DefaultSecurityFilterChain     : Creating filter chain: any request, [org.springframework.security.web.context.request.async.WebAsyncManagerIntegrationFilter@41ec6c78, org.springframework.security.web.context.SecurityContextPersistenceFilter@630b4f74, org.springframework.security.web.header.HeaderWriterFilter@68c97183, org.springframework.security.web.authentication.logout.LogoutFilter@127af825, org.springframework.security.oauth2.client.web.OAuth2AuthorizationRequestRedirectFilter@6966a0b7, org.springframework.security.oauth2.client.web.OAuth2LoginAuthenticationFilter@663e7a0f, org.springframework.security.web.authentication.ui.DefaultLoginPageGeneratingFilter@2b3362d8, org.springframework.security.web.authentication.ui.DefaultLogoutPageGeneratingFilter@64512173, org.springframework.security.web.savedrequest.RequestCacheAwareFilter@2a57eb45, org.springframework.security.web.servletapi.SecurityContextHolderAwareRequestFilter@931c2e5, org.springframework.security.web.authentication.AnonymousAuthenticationFilter@712ad1f4, org.springframework.security.web.session.SessionManagementFilter@40ac519a, org.springframework.security.web.access.ExceptionTranslationFilter@1fbad5ed, org.springframework.security.web.access.intercept.FilterSecurityInterceptor@77f4f8ec]
2021-03-30 22:03:31.111  INFO 1430 --- [    Test worker] o.s.s.concurrent.ThreadPoolTaskExecutor  : Initializing ExecutorService 'applicationTaskExecutor'
2021-03-30 22:03:31.138  WARN 1430 --- [    Test worker] aWebConfiguration$JpaWebMvcConfiguration : spring.jpa.open-in-view is enabled by default. Therefore, database queries may be performed during view rendering. Explicitly configure spring.jpa.open-in-view to disable this warning
2021-03-30 22:03:31.177  INFO 1430 --- [    Test worker] o.s.b.a.w.s.WelcomePageHandlerMapping    : Adding welcome page template: index
2021-03-30 22:03:31.537  INFO 1430 --- [    Test worker] s.a.ScheduledAnnotationBeanPostProcessor : No TaskScheduler/ScheduledExecutorService bean found for scheduled processing
2021-03-30 22:03:31.571  INFO 1430 --- [    Test worker] o.s.b.w.embedded.tomcat.TomcatWebServer  : Tomcat started on port(s): 50553 (http) with context path ''
2021-03-30 22:03:31.573  INFO 1430 --- [    Test worker] c.j.b.s.web.IndexControllerTest          : Started IndexControllerTest in 6.447 seconds (JVM running for 11.05)
2021-03-30 22:03:31.704  INFO 1430 --- [o-auto-1-exec-1] o.a.c.c.C.[Tomcat].[localhost].[/]       : Initializing Spring DispatcherServlet 'dispatcherServlet'
2021-03-30 22:03:31.705  INFO 1430 --- [o-auto-1-exec-1] o.s.web.servlet.DispatcherServlet        : Initializing Servlet 'dispatcherServlet'
2021-03-30 22:03:31.721  INFO 1430 --- [o-auto-1-exec-1] o.s.web.servlet.DispatcherServlet        : Completed initialization in 16 ms
Hibernate: select posts0_.id as id1_0_, posts0_.created_date as created_2_0_, posts0_.modified_date as modified3_0_, posts0_.author as author4_0_, posts0_.content as content5_0_, posts0_.title as title6_0_ from posts posts0_ order by posts0_.id DESC
]]></system-out>
  <system-err><![CDATA[]]></system-err>
</testsuite>
